<?xml version="1.0" encoding="utf-8"?><testsuites><testsuite name="pytest" errors="0" failures="0" skipped="0" tests="5" time="0.017" timestamp="2025-01-09T06:05:13.357899+00:00" hostname="DESKTOP-MO213RB"><testcase classname="test_multiplication" name="test_multiplication_by_11[1-11]" time="0.001" /><testcase classname="test_multiplication" name="test_multiplication_by_11[2-22]" time="0.000" /><testcase classname="test_multiplication" name="test_multiplication_by_11[3-33]" time="0.000" /><testcase classname="test_multiplication" name="test_multiplication_by_11[4-44]" time="0.000" /><testcase classname="test_multiplication" name="test_multiplication_by_11[5-55]" time="0.000" /></testsuite></testsuites>